--- Job cps_data Start 03/24/25 11:42:26 41.2.0 5110e5ff WEX-WEI x86 64bit/MS Windows
--- Applying:
    C:\PROGRA~1\GAMS\41.2\gmsprmNT.txt
--- GAMS Parameters defined
    Input C:\Users\ASchreib\git\windc_in_sage\household\cps_data.gms
    Output C:\Users\ASchreib\git\windc_in_sage\household\lst\cps_data.lst
    ScrDir C:\Users\ASchreib\git\windc_in_sage\household\225b\
    SysDir C:\PROGRA~1\GAMS\41.2\
    LogOption 4
    LogFile C:\Users\ASchreib\git\windc_in_sage\household\lst\cps_data.log
Licensee: Small MUD-5 User License                       G221114|0002CO-WIN
          U. S. EPA, Office of Air Quality Planning and StandardsDC15048-S4
          C:\Users\ASchreib\OneDrive - Environmental Protection Agency (EPA)\Documents\GAMS\gamslice.txt
          License Admin: Alexander Macpherson, macpherson.alex@epa.gov     
Processor information: 1 socket(s), 4 core(s), and 8 thread(s) available
GAMS 41.2.0   Copyright (C) 1987-2022 GAMS Development. All rights reserved
--- Starting compilation
--- cps_data.gms(28) 2 Mb
--- call csv2gdx "../data/household/cps/cps_asec_income_totals_2016_2022.csv" id=cpscsv useheader=yes index="(1,2,3,4)" values=5 output="gdx/cpscsv.gdx" CheckDate=yes trace=3
--- cps_data.gms(34) 2 Mb
--- call csv2gdx ../data/household/cps/cps_asec_numberhh_2016_2022.csv id=popcsv useheader=yes index="(1,2,3)" values=4 output="gdx/cps_households.gdx" CheckDate=yes trace=3
--- cps_data.gms(41) 2 Mb
--- call csv2gdx ../data/household/cps/labor_tax_rates.csv id=tl0 useheader=yes index="(1,2)" values=3 output="gdx/labor_tax_rates_tl.gdx" CheckDate=yes trace=3
--- cps_data.gms(42) 2 Mb
--- call csv2gdx ../data/household/cps/labor_tax_rates.csv id=tfica0 useheader=yes index="(1,2)" values=4 output="gdx/labor_tax_rates_tfica.gdx" CheckDate=yes trace=3
--- cps_data.gms(43) 2 Mb
--- call csv2gdx ../data/household/cps/labor_tax_rates.csv id=tl_avg0 useheader=yes index="(1,2)" values=5 output="gdx/labor_tax_rates_tl_avg.gdx" CheckDate=yes trace=3
--- cps_data.gms(49) 2 Mb
--- call csv2gdx ../data/household/cps/capital_tax_rates.csv id=tk0 useheader=yes index=1 values=2 output="gdx/capital_tax_rates.gdx" CheckDate=yes trace=3
--- cps_data.gms(103) 3 Mb
--- GDXin=C:\Users\ASchreib\git\windc_in_sage\household\gdx\cpscsv.gdx
--- GDX File ($gdxIn) C:\Users\ASchreib\git\windc_in_sage\household\gdx\cpscsv.gdx
--- cps_data.gms(108) 3 Mb
--- GDXin=C:\Users\ASchreib\git\windc_in_sage\household\gdx\cps_households.gdx
--- GDX File ($gdxIn) C:\Users\ASchreib\git\windc_in_sage\household\gdx\cps_households.gdx
--- cps_data.gms(196) 3 Mb
--- Starting execution: elapsed 0:00:01.089
--- cps_data.gms(189) 5 Mb
--- GDX File (execute_unload) C:\Users\ASchreib\git\windc_in_sage\household\gdx\cps_data.gdx
*** Status: Normal completion
--- Job cps_data.gms Stop 03/24/25 11:42:27 elapsed 0:00:01.110
