--- Job dynamic_calib Start 03/24/25 11:42:41 41.2.0 5110e5ff WEX-WEI x86 64bit/MS Windows
--- Applying:
    C:\PROGRA~1\GAMS\41.2\gmsprmNT.txt
--- GAMS Parameters defined
    Input C:\Users\ASchreib\git\windc_in_sage\household\dynamic_calib.gms
    Output C:\Users\ASchreib\git\windc_in_sage\household\lst\dynamic_calib_2022.lst
    ScrDir C:\Users\ASchreib\git\windc_in_sage\household\225b\
    SysDir C:\PROGRA~1\GAMS\41.2\
    LogOption 4
    LogFile C:\Users\ASchreib\git\windc_in_sage\household\lst\dynamic_calib_2022.log
    --year 2022
    --invest static
Licensee: Small MUD-5 User License                       G221114|0002CO-WIN
          U. S. EPA, Office of Air Quality Planning and StandardsDC15048-S4
          C:\Users\ASchreib\OneDrive - Environmental Protection Agency (EPA)\Documents\GAMS\gamslice.txt
          License Admin: Alexander Macpherson, macpherson.alex@epa.gov     
Processor information: 1 socket(s), 4 core(s), and 8 thread(s) available
GAMS 41.2.0   Copyright (C) 1987-2022 GAMS Development. All rights reserved
--- Starting compilation
--- dynamic_calib.gms(21) 2 Mb
--- Starting execution - empty program
*** Status: Normal completion
--- Job dynamic_calib.gms Stop 03/24/25 11:42:41 elapsed 0:00:00.063
