--- Job hhcalib Start 03/24/25 11:42:28 41.2.0 5110e5ff WEX-WEI x86 64bit/MS Windows
--- Applying:
    C:\PROGRA~1\GAMS\41.2\gmsprmNT.txt
--- GAMS Parameters defined
    Input C:\Users\ASchreib\git\windc_in_sage\household\hhcalib.gms
    Output C:\Users\ASchreib\git\windc_in_sage\household\lst\hhcalib_2022_cps_static.lst
    ScrDir C:\Users\ASchreib\git\windc_in_sage\household\225b\
    SysDir C:\PROGRA~1\GAMS\41.2\
    LogOption 4
    LogFile C:\Users\ASchreib\git\windc_in_sage\household\lst\hhcalib_2022_cps_static.log
    --year 2022
    --hhdata cps
    --invest static
    --capital_ownership all
    --gr 0.02
    --ir 0.04
    --delta 0.05
    --puttitle no
Licensee: Small MUD-5 User License                       G221114|0002CO-WIN
          U. S. EPA, Office of Air Quality Planning and StandardsDC15048-S4
          C:\Users\ASchreib\OneDrive - Environmental Protection Agency (EPA)\Documents\GAMS\gamslice.txt
          License Admin: Alexander Macpherson, macpherson.alex@epa.gov     
Processor information: 1 socket(s), 4 core(s), and 8 thread(s) available
GAMS 41.2.0   Copyright (C) 1987-2022 GAMS Development. All rights reserved
--- Starting compilation
--- hhcalib.gms(104) 2 Mb
--- . windc_coredata.gms(26) 2 Mb
--- GDXin=C:\Users\ASchreib\git\windc_in_sage\core\WiNDCdatabase.gdx
--- GDX File ($gdxIn) C:\Users\ASchreib\git\windc_in_sage\core\WiNDCdatabase.gdx
--- . windc_coredata.gms(160) 227 Mb
--- hhcalib.gms(129) 227 Mb
--- GDXin=C:\Users\ASchreib\git\windc_in_sage\household\gdx\capital_tax_rates.gdx
--- GDX File ($gdxIn) C:\Users\ASchreib\git\windc_in_sage\household\gdx\capital_tax_rates.gdx
--- hhcalib.gms(171) 227 Mb
--- GDXin=C:\Users\ASchreib\git\windc_in_sage\household\gdx\cps_data.gdx
--- GDX File ($gdxIn) C:\Users\ASchreib\git\windc_in_sage\household\gdx\cps_data.gdx
--- hhcalib.gms(191) 227 Mb
--- GDXin=C:\Users\ASchreib\git\windc_in_sage\household\gdx\labor_tax_rates_tl_avg.gdx
--- GDX File ($gdxIn) C:\Users\ASchreib\git\windc_in_sage\household\gdx\labor_tax_rates_tl_avg.gdx
--- hhcalib.gms(193) 227 Mb
--- GDXin=C:\Users\ASchreib\git\windc_in_sage\household\gdx\labor_tax_rates_tl.gdx
--- GDX File ($gdxIn) C:\Users\ASchreib\git\windc_in_sage\household\gdx\labor_tax_rates_tl.gdx
--- hhcalib.gms(195) 227 Mb
--- GDXin=C:\Users\ASchreib\git\windc_in_sage\household\gdx\labor_tax_rates_tfica.gdx
--- GDX File ($gdxIn) C:\Users\ASchreib\git\windc_in_sage\household\gdx\labor_tax_rates_tfica.gdx
--- hhcalib.gms(307) 227 Mb
--- call csv2gdx ../data/household/cps/cps_vs_nipa_income_categories.csv output=gdx/cps_vs_nipa_income_categories.gdx id=cps_nipa index="(1,5)" useHeader=y value=4
--- hhcalib.gms(308) 227 Mb
--- GDXin=C:\Users\ASchreib\git\windc_in_sage\household\gdx\cps_vs_nipa_income_categories.gdx
--- GDX File ($gdxIn) C:\Users\ASchreib\git\windc_in_sage\household\gdx\cps_vs_nipa_income_categories.gdx
--- hhcalib.gms(382) 227 Mb
--- call csv2gdx "../data/household/health_care/public_health_benefits_2009_2019.csv" id=health_care_transfers useheader=yes index="(1,2,3)" values="(4,5)" output="gdx/public_health_benefits.gdx"
--- hhcalib.gms(383) 227 Mb
--- GDXin=C:\Users\ASchreib\git\windc_in_sage\household\gdx\public_health_benefits.gdx
--- GDX File ($gdxIn) C:\Users\ASchreib\git\windc_in_sage\household\gdx\public_health_benefits.gdx
--- hhcalib.gms(505) 227 Mb
--- call csv2gdx ../data/household/cps/windc_vs_nipa_domestic_capital.csv output=gdx/windc_vs_nipa_domestic_capital.gdx id=cap_own0_ index="(1)" useHeader=y value=4
--- hhcalib.gms(506) 227 Mb
--- GDXin=C:\Users\ASchreib\git\windc_in_sage\household\gdx\windc_vs_nipa_domestic_capital.gdx
--- GDX File ($gdxIn) C:\Users\ASchreib\git\windc_in_sage\household\gdx\windc_vs_nipa_domestic_capital.gdx
--- hhcalib.gms(575) 227 Mb
--- call csv2gdx ../data/household/acs/acs_commuting_data.csv output=gdx/acs_commuting_data.gdx id=commute0 index="(1,2)" useHeader=y value=3
--- hhcalib.gms(576) 227 Mb
--- GDXin=C:\Users\ASchreib\git\windc_in_sage\household\gdx\acs_commuting_data.gdx
--- GDX File ($gdxIn) C:\Users\ASchreib\git\windc_in_sage\household\gdx\acs_commuting_data.gdx
--- hhcalib.gms(930) 227 Mb
--- call csv2gdx ../data/household/cex/national_income_elasticities_CEX_2013_2017.csv output=gdx/national_income_elasticities_CEX_2013_2017.gdx id=regres index=1 useHeader=y value=2,3,4
--- hhcalib.gms(931) 227 Mb
--- GDXin=C:\Users\ASchreib\git\windc_in_sage\household\gdx\national_income_elasticities_CEX_2013_2017.gdx
--- GDX File ($gdxIn) C:\Users\ASchreib\git\windc_in_sage\household\gdx\national_income_elasticities_CEX_2013_2017.gdx
--- hhcalib.gms(937) 227 Mb
--- call csv2gdx ../data/household/cex/windc_pce_map.csv output=gdx/windc_pce_map.gdx id=pcebridge index=1,2 useHeader=y value=3,4,5
--- hhcalib.gms(938) 227 Mb
--- GDXin=C:\Users\ASchreib\git\windc_in_sage\household\gdx\windc_pce_map.gdx
--- GDX File ($gdxIn) C:\Users\ASchreib\git\windc_in_sage\household\gdx\windc_pce_map.gdx
--- hhcalib.gms(1050) 227 Mb
--- Starting execution: elapsed 0:00:03.241
--- hhcalib.gms(912) 240 Mb
--- Generating NLP model calib_step2_cps
--- hhcalib.gms(917) 250 Mb
---   2,145 rows  14,793 columns  137,448 non-zeroes
---   30,533 nl-code  13,515 nl-non-zeroes
--- Range statistics (absolute non-zero finite values)
--- RHS       [min, max] : [ 2.244E+01, 8.000E+03] - Zero values observed as well
--- Bound     [min, max] : [ 2.105E-03, 5.812E+02] - Zero values observed as well
--- Matrix    [min, max] : [ 5.834E-04, 1.320E+03] - Zero values observed as well
--- hhcalib.gms(917) 248 Mb
--- Executing CONOPT (Solvelink=2): elapsed 0:00:04.624

CONOPT 3         41.2.0 5110e5ff Nov 14, 2022          WEI x86 64bit/MS Window

*** WARNING: Memory Limit for Hessians exceeded. You can use the Conopt option "rvhess".
 
 
    C O N O P T 3   version 3.17N
    Copyright (C)   ARKI Consulting and Development A/S
                    Bagsvaerdvej 246 A
                    DK-2880 Bagsvaerd, Denmark
 
 
   Iter Phase Ninf   Infeasibility   RGmax    NSB   Step InItr MX OK
      0   0        5.4372108014E+04 (Input point)
 
                   Pre-triangular equations:   0
                   Post-triangular equations:  851
                   Definitional equations:     64
 
      1   0        4.6367272078E+04 (After pre-processing)
      2   0        3.5303492535E+02 (After scaling)
      3   0   137  3.4576450966E+02               2.1E-02      T  T
      4   0   137  3.4283788453E+02               8.5E-03      T  T
      5   0   137  3.4172725738E+02               3.2E-03      T  T
      6   0   137  3.3995665752E+02               5.2E-03      T  T
      7   0   137  3.3527335833E+02               1.4E-02      T  T
      8   0   137  3.3489367905E+02               1.1E-03      T  T
      9   0   137  3.3348201771E+02               4.2E-03      T  T
 
   Iter Phase Ninf   Infeasibility   RGmax    NSB   Step InItr MX OK
     10   0   137  3.3347688602E+02               1.5E-05      T  T
     11   0   137  3.3346219045E+02               4.4E-05      T  T
     12   0   137  3.3284801775E+02               1.8E-03      T  T
     13   0   137  3.3228303886E+02               1.7E-03      T  T
     14   0   137  3.2934288731E+02               8.9E-03      T  T
     15   0   137  3.2598626863E+02               1.0E-02      T  T
     16   0   137  3.2412878137E+02               5.7E-03      T  T
     17   0   137  3.1049569521E+02               4.2E-02      T  T
     18   0   137  3.0644620666E+02               1.3E-02      T  T
     19   0   137  2.9773339146E+02               2.9E-02      T  T
 
   Iter Phase Ninf   Infeasibility   RGmax    NSB   Step InItr MX OK
     20   0   137  2.9566292125E+02               7.0E-03      T  T
     21   0   137  2.9519754103E+02               1.6E-03      T  T
     22   0   137  2.8849536003E+02               2.3E-02      T  T
     23   0   137  2.8387472278E+02               1.6E-02      T  T
     24   0   137  2.7166004264E+02               4.3E-02      T  T
     25   0   137  2.6932854584E+02               8.6E-03      T  T
     26   0   137  2.6370477202E+02               2.1E-02      T  T
     27   0   137  2.6268740194E+02               3.9E-03      T  T
     28   0   137  2.5843957850E+02               1.6E-02      T  T
     29   0   137  2.5742949116E+02               3.9E-03      T  T
 
   Iter Phase Ninf   Infeasibility   RGmax    NSB   Step InItr MX OK
     30   0   137  2.5686190354E+02               2.2E-03      T  T
     31   0   137  2.5156359816E+02               2.1E-02      T  T
     32   0   137  2.3442212282E+02               6.8E-02      T  T
     33   0   137  2.2508493087E+02               4.0E-02      T  T
     34   0   137  2.2171104460E+02               1.5E-02      T  T
     35   0   137  2.1823778992E+02               1.6E-02      T  T
     36   0   137  2.1783741982E+02               1.8E-03      T  T
     37   0   137  2.0901333503E+02               4.1E-02      T  T
     38   0   137  2.0700785248E+02               9.6E-03      T  T
     39   0   137  2.0518914686E+02               8.8E-03      T  T
 
   Iter Phase Ninf   Infeasibility   RGmax    NSB   Step InItr MX OK
     40   0   137  1.9985982210E+02               2.6E-02      T  T
     41   0   137  1.9922536134E+02               3.2E-03      T  T
     42   0   137  1.8993736479E+02               4.7E-02      T  T
     43   0   137  1.8777135020E+02               1.1E-02      T  T
     44   0   137  1.5710313805E+02               1.6E-01      T  T
     45   0   137  1.4643358991E+02               6.8E-02      T  T
     46   0   137  1.3439191284E+02               8.3E-02      T  T
     47   0   137  1.1571734545E+02               1.4E-01      T  T
     48   0   137  8.8856820070E+01               2.3E-01      T  T
     49   0   137  8.7942730925E+01               1.0E-02      T  T
 
   Iter Phase Ninf   Infeasibility   RGmax    NSB   Step InItr MX OK
     50   0   137  8.5136469387E+01               3.2E-02      T  T
     51   0   137  2.7176996460E+01               6.9E-01      T  T
     52   0   137  9.3259773040E+00               6.8E-01      T  T
     53   0   137  1.3232435315E+00               9.4E-01      T  T
     54   0   137  8.1170348503E-01               1.0E+00      F  T
 
 ** Feasible solution. Value of objective =    58776.7993763
 
   Iter Phase Ninf     Objective     RGmax    NSB   Step InItr MX OK
     55   3        5.4906200136E+04 8.9E+03   413 1.0E+00    1 T  T
     56   3        4.4134669450E+04 8.7E+03   412 1.0E+00    8 T  T
     57   3        4.0570429486E+04 6.2E+03   404 3.4E-01    8 F  T
     58   3        3.8129763814E+04 9.3E+03   404 1.0E+00    2 T  T
     59   3        3.4964944490E+04 3.2E+03   402 1.0E+00    3 T  T
     60   3        3.2829557868E+04 5.9E+03   399 1.0E+00    3 T  T
     61   3        3.2270473548E+04 4.2E+03   396 4.3E-01    3 F  T
     62   3        3.1778855549E+04 4.1E+03   396 1.0E+00    3 T  T
     63   3        3.1554446107E+04 2.7E+03   393 1.5E-01    1 F  T
     64   3        3.1364276953E+04 1.4E+03   393 1.0E+00    1 T  T
 
   Iter Phase Ninf     Objective     RGmax    NSB   Step InItr MX OK
     65   3        3.1178122407E+04 1.5E+03   392 3.6E-01    1 F  T
     66   3        3.1023480641E+04 2.3E+03   392 1.0E+00    1 T  T
     67   3        3.0900927585E+04 9.5E+02   391 1.0E+00    1 T  T
     68   3        3.0551836719E+04 7.5E+02   390 1.0E+00    3 T  T
     69   3        3.0425644864E+04 1.3E+03   387 1.0E+00    2 F  T
     70   3        3.0295304620E+04 2.3E+03   385 2.9E-01    1 F  T
     71   3        3.0205030423E+04 8.3E+02   385 3.5E-05      T  T
     72   3        3.0148571491E+04 1.3E+03   386 9.6E-06      T  T
     73   3        2.9937439250E+04 1.3E+03   385 7.6E-05      F  T
     74   3        2.9690794750E+04 3.7E+03   385 1.9E-05      F  T
 
   Iter Phase Ninf     Objective     RGmax    NSB   Step InItr MX OK
     75   4        2.9551510664E+04 1.2E+03   385 1.3E+00      T  T
     76   4        2.9172014560E+04 1.2E+03   384 3.8E+00      T  T
     77   4        2.8234696397E+04 1.2E+03   383 1.1E+01      T  T
     78   4        2.8129092172E+04 1.2E+03   382 1.5E+00      T  T
     79   4        2.7737127274E+04 1.2E+03   381 7.0E+00      T  T
     80   4        2.7638808130E+04 1.3E+03   380 2.4E+00      F  T
     81   4        2.7481885734E+04 1.2E+03   380 2.5E+00      T  T
     82   4        2.7436253837E+04 1.2E+03   379 1.0E+00      F  T
     83   4        2.7344121098E+04 3.5E+03   380 6.4E-01      F  T
     84   4        2.6845763137E+04 7.4E+02   380 1.0E+00    2 T  T
 
   Iter Phase Ninf     Objective     RGmax    NSB   Step InItr MX OK
     85   4        2.6419673427E+04 2.2E+03   379 1.0E+00    8 F  T
     86   4        2.6262028485E+04 8.5E+02   376 1.0E+00   14 T  T
     87   4        2.5696502050E+04 8.8E+02   368 1.0E+00   19 T  T
     88   4        2.0124755173E+04 1.4E+03   386 1.0E+00   28 T  T
     89   4        1.9657984754E+04 3.5E+02   358 1.0E+00   48 T  T
     90   4        1.9474726467E+04 1.3E+02   325 1.0E+00   64 F  T
     91   4        1.9302756395E+04 2.5E+02   291 1.0E+00   75 T  T
     92   4        1.7543065922E+04 3.4E+02   293 1.0E+00   65 T  T
     93   4        1.6633881376E+04 1.4E+02   292 1.0E+00   61 T  T
     94   4        1.6191399651E+04 1.6E+02   291 1.0E+00   63 T  T
 
   Iter Phase Ninf     Objective     RGmax    NSB   Step InItr MX OK
     95   4        1.5899484968E+04 9.6E+01   295 1.0E+00   65 T  T
     96   4        1.5765515266E+04 7.1E+01   301 1.0E+00   67 T  T
     97   4        1.5752977823E+04 8.8E+01   282 1.0E+00   28 F  T
     98   4        1.5703599594E+04 9.1E+00   314 1.0E+00   49 T  T
     99   4        1.5702284575E+04 1.9E+01   295 1.0E+00   22 F  T
    100   4        1.5692931085E+04 3.5E+00   327 1.0E+00   31 T  T
    101   4        1.5692617550E+04 1.6E+00   327 1.0E+00   21 F  T
    102   4        1.5692515033E+04 1.5E-01   329 1.0E+00   18 T  T
    103   4        1.5692514889E+04 3.8E-02   328 1.0E+00    9 F  T
    104   4        1.5692514889E+04 2.4E-04   334 1.0E+00   15 F  T
 
   Iter Phase Ninf     Objective     RGmax    NSB   Step InItr MX OK
    105   4        1.5692514889E+04 2.1E-06   339 1.0E+00    6 F  T
    106   4        1.5692514889E+04 6.0E-08   339
 
 ** Optimal solution. Reduced gradient less than tolerance.
 
--- Reading solution for model calib_step2_cps
--- Executing after solve: elapsed 0:00:07.543
--- hhcalib.gms(1128) 248 Mb
--- Generating NLP model calib_step3_cps
--- hhcalib.gms(1129) 251 Mb
---   3,826 rows  18,106 columns  50,695 non-zeroes
---   113,477 nl-code  18,105 nl-non-zeroes
--- Range statistics (absolute non-zero finite values)
--- RHS       [min, max] : [ 4.015E-04, 5.106E+02] - Zero values observed as well
--- Bound     [min, max] : [ 1.000E-05, 1.000E-05] - Zero values observed as well
--- Matrix    [min, max] : [ 9.096E-03, 5.553E+04] - Zero values observed as well
--- hhcalib.gms(1129) 249 Mb
--- Executing IPOPT (Solvelink=2): elapsed 0:00:08.582

COIN-OR Ipopt    41.2.0 5110e5ff Nov 14, 2022          WEI x86 64bit/MS Window

COIN-OR Interior Point Optimizer (Ipopt Library 3.14.10)
written by A. Waechter.

******************************************************************************
This program contains Ipopt, a library for large-scale nonlinear optimization.
 Ipopt is released as open source code under the Eclipse Public License (EPL).
         For more information visit https://github.com/coin-or/Ipopt
******************************************************************************

This is Ipopt version 3.14.10, running with linear solver MUMPS 5.5.1.

Number of nonzeros in equality constraint Jacobian...:    26622
Number of nonzeros in inequality constraint Jacobian.:        0
Number of nonzeros in Lagrangian Hessian.............:    14790

Total number of variables............................:    14790
                     variables with only lower bounds:    14790
                variables with lower and upper bounds:        0
                     variables with only upper bounds:        0
Total number of equality constraints.................:     3825
Total number of inequality constraints...............:        0
        inequality constraints with only lower bounds:        0
   inequality constraints with lower and upper bounds:        0
        inequality constraints with only upper bounds:        0

iter    objective    inf_pr   inf_du lg(mu)  ||d||  lg(rg) alpha_du alpha_pr  ls
   0  2.3560600e+04 6.07e+01 1.18e+00   0.0 0.00e+00    -  0.00e+00 0.00e+00   0
   1  2.6171635e+04 8.13e+00 1.59e+01  -1.8 2.18e+01    -  7.27e-01 8.66e-01h  1
   2  2.6704883e+04 2.58e+00 4.95e+01  -2.6 3.19e+00    -  9.24e-01 6.83e-01h  1
   3  2.6653857e+04 7.00e-01 9.82e+01  -3.1 4.17e+00    -  8.99e-01 7.28e-01h  1
   4  2.6553410e+04 3.12e-01 7.45e+02  -2.2 2.75e+00    -  1.00e+00 5.54e-01f  1
   5  2.6502796e+04 5.10e-08 7.94e+00  -2.8 1.06e+00    -  1.00e+00 1.00e+00h  1
   6  2.6512968e+04 3.34e-08 1.35e+00  -2.5 2.71e-01    -  1.00e+00 1.00e+00f  1
   7  2.6483381e+04 1.75e-08 1.10e-01  -2.6 1.81e-01    -  1.00e+00 1.00e+00f  1
   8  2.6419648e+04 6.41e-08 3.93e+00  -3.6 6.13e-01    -  8.66e-01 1.00e+00f  1
   9  2.6410738e+04 3.66e-09 6.34e-03  -4.3 2.20e-01    -  1.00e+00 1.00e+00f  1
iter    objective    inf_pr   inf_du lg(mu)  ||d||  lg(rg) alpha_du alpha_pr  ls
  10  2.6410368e+04 5.58e-10 1.47e-03  -5.2 4.16e-02    -  1.00e+00 1.00e+00f  1
  11  2.6410362e+04 4.16e-11 1.13e-04  -7.3 1.09e-02    -  1.00e+00 1.00e+00h  1
  12  2.6410362e+04 1.71e-13 6.91e-07  -9.4 9.33e-04    -  1.00e+00 1.00e+00h  1
  13  2.6410362e+04 1.42e-13 2.60e-11 -11.0 5.77e-06    -  1.00e+00 1.00e+00h  1

Number of Iterations....: 13

                                   (scaled)                 (unscaled)
Objective...............:   4.7558382074853476e+01    2.6410361922663869e+04
Dual infeasibility......:   2.5985355678129613e-11    1.4430319498009670e-08
Constraint violation....:   1.4210854715202004e-13    1.4210854715202004e-13
Variable bound violation:   0.0000000000000000e+00    0.0000000000000000e+00
Complementarity.........:   1.0001576810165596e-11    5.5541263564864288e-09
Overall NLP error.......:   2.5985355678129613e-11    1.4430319498009670e-08


Number of objective function evaluations             = 14
Number of objective gradient evaluations             = 14
Number of equality constraint evaluations            = 14
Number of inequality constraint evaluations          = 0
Number of equality constraint Jacobian evaluations   = 1
Number of inequality constraint Jacobian evaluations = 0
Number of Lagrangian Hessian evaluations             = 13
Total seconds in IPOPT                               = 2.886

EXIT: Optimal Solution Found.
--- Reading solution for model calib_step3_cps
--- Executing after solve: elapsed 0:00:12.151
--- hhcalib.gms(1184) 250 Mb
--- GDX File (execute_unload) C:\Users\ASchreib\git\windc_in_sage\household\gdx\calibrated_hhdata_static_cps_all_2022.gdx
*** Status: Normal completion
--- Job hhcalib.gms Stop 03/24/25 11:42:41 elapsed 0:00:13.196
